app/build/outputs/logs/manifest-merger-debug-report.txt
-- Merging decision tree log ---
manifest
ADDED from src\main\AndroidManifest.xml:2:1-147:12
	package
		ADDED from src\main\AndroidManifest.xml:3:5-36
		INJECTED from src\main\AndroidManifest.xml
		INJECTED from src\main\AndroidManifest.xml
	android:versionName
		ADDED from src\main\AndroidManifest.xml:5:5-31
		INJECTED from src\main\AndroidManifest.xml
		INJECTED from src\main\AndroidManifest.xml
	android:versionCode
		ADDED from src\main\AndroidManifest.xml:4:5-28
		INJECTED from src\main\AndroidManifest.xml
		INJECTED from src\main\AndroidManifest.xml
	xmlns:android
		ADDED from src\main\AndroidManifest.xml:2:11-69
uses-sdk
ADDED from src\main\AndroidManifest.xml:7:5-44
MERGED from [com.android.support:support-v4:20.0.0] AndroidManifest.xml:16:5-42
	android:targetSdkVersion
		INJECTED from src\main\AndroidManifest.xml
		INJECTED from src\main\AndroidManifest.xml
	android:minSdkVersion
		ADDED from src\main\AndroidManifest.xml:7:15-41
		INJECTED from src\main\AndroidManifest.xml
		INJECTED from src\main\AndroidManifest.xml
uses-permission#android.permission.INTERNET
ADDED from src\main\AndroidManifest.xml:9:5-67
	android:name
		ADDED from src\main\AndroidManifest.xml:9:22-64
uses-permission#android.permission.RECEIVE_BOOT_COMPLETED
ADDED from src\main\AndroidManifest.xml:11:5-81
	android:name
		ADDED from src\main\AndroidManifest.xml:11:22-78
uses-permission#android.permission.READ_PHONE_STATE
ADDED from src\main\AndroidManifest.xml:13:5-75
	android:name
		ADDED from src\main\AndroidManifest.xml:13:22-72
uses-permission#android.permission.MOUNT_UNMOUNT_FILESYSTEMS
ADDED from src\main\AndroidManifest.xml:15:5-84
	android:name
		ADDED from src\main\AndroidManifest.xml:15:22-81
uses-permission#android.permission.READ_EXTERNAL_STORAGE
ADDED from src\main\AndroidManifest.xml:17:5-80
	android:name
		ADDED from src\main\AndroidManifest.xml:17:22-77
uses-permission#android.permission.WRITE_EXTERNAL_STORAGE
ADDED from src\main\AndroidManifest.xml:18:5-81
	android:name
		ADDED from src\main\AndroidManifest.xml:18:22-78
uses-permission#android.permission.DISABLE_KEYGUARD
ADDED from src\main\AndroidManifest.xml:20:5-75
	android:name
		ADDED from src\main\AndroidManifest.xml:20:22-72
uses-permission#android.permission.WRITE_SETTINGS
ADDED from src\main\AndroidManifest.xml:21:5-73
	android:name
		ADDED from src\main\AndroidManifest.xml:21:22-70
uses-permission#android.permission.WAKE_LOCK
ADDED from src\main\AndroidManifest.xml:22:5-68
	android:name
		ADDED from src\main\AndroidManifest.xml:22:22-65
uses-permission#android.permission.GET_TASKS
ADDED from src\main\AndroidManifest.xml:23:5-68
	android:name
		ADDED from src\main\AndroidManifest.xml:23:22-65
uses-permission#android.permission.CAMERA
ADDED from src\main\AndroidManifest.xml:26:5-65
	android:name
		ADDED from src\main\AndroidManifest.xml:26:22-62
uses-feature#android.hardware.camera
ADDED from src\main\AndroidManifest.xml:28:5-60
	android:name
		ADDED from src\main\AndroidManifest.xml:28:19-57
uses-feature#android.hardware.camera.autofocus
ADDED from src\main\AndroidManifest.xml:29:5-70
	android:name
		ADDED from src\main\AndroidManifest.xml:29:19-67
uses-permission#android.permission.FLASHLIGHT
ADDED from src\main\AndroidManifest.xml:31:5-69
	android:name
		ADDED from src\main\AndroidManifest.xml:31:22-66
uses-permission#android.permission.VIBRATE
ADDED from src\main\AndroidManifest.xml:32:5-66
	android:name
		ADDED from src\main\AndroidManifest.xml:32:22-63
supports-screens
ADDED from src\main\AndroidManifest.xml:34:5-37:40
	android:largeScreens
		ADDED from src\main\AndroidManifest.xml:36:9-36
	android:normalScreens
		ADDED from src\main\AndroidManifest.xml:37:9-37
	android:anyDensity
		ADDED from src\main\AndroidManifest.xml:35:9-34
receiver#com.ranglerz.activity.StartOnBoot
ADDED from src\main\AndroidManifest.xml:41:5-53:16
	android:enabled
		ADDED from src\main\AndroidManifest.xml:42:9-31
	android:exported
		ADDED from src\main\AndroidManifest.xml:43:9-32
	android:permission
		ADDED from src\main\AndroidManifest.xml:45:9-71
	android:name
		ADDED from src\main\AndroidManifest.xml:44:9-57
intent-filter#android.intent.action.BOOT_COMPLETED+android.intent.action.QUICKBOOT_POWERON+android.intent.category.DEFAULT
ADDED from src\main\AndroidManifest.xml:47:9-51:25
action#android.intent.action.BOOT_COMPLETED
ADDED from src\main\AndroidManifest.xml:48:13-75
	android:name
		ADDED from src\main\AndroidManifest.xml:48:21-72
action#android.intent.action.QUICKBOOT_POWERON
ADDED from src\main\AndroidManifest.xml:49:13-78
	android:name
		ADDED from src\main\AndroidManifest.xml:49:21-75
category#android.intent.category.DEFAULT
ADDED from src\main\AndroidManifest.xml:50:13-72
	android:name
		ADDED from src\main\AndroidManifest.xml:50:23-69
application
ADDED from src\main\AndroidManifest.xml:56:5-145:19
MERGED from [com.android.support:support-v4:20.0.0] AndroidManifest.xml:17:5-19
	android:label
		ADDED from src\main\AndroidManifest.xml:58:9-41
	android:icon
		ADDED from src\main\AndroidManifest.xml:59:9-47
	android:name
		ADDED from src\main\AndroidManifest.xml:57:9-38
activity#com.ranglerz.activity.UHFActivity
ADDED from src\main\AndroidManifest.xml:74:9-78:47
	android:screenOrientation
		ADDED from src\main\AndroidManifest.xml:77:13-50
	android:configChanges
		ADDED from src\main\AndroidManifest.xml:76:13-63
	android:theme
		ADDED from src\main\AndroidManifest.xml:78:13-44
	android:name
		ADDED from src\main\AndroidManifest.xml:75:13-40
activity#com.ranglerz.activity.PrinterActivity
ADDED from src\main\AndroidManifest.xml:79:9-83:47
	android:screenOrientation
		ADDED from src\main\AndroidManifest.xml:82:13-49
	android:configChanges
		ADDED from src\main\AndroidManifest.xml:81:13-63
	android:theme
		ADDED from src\main\AndroidManifest.xml:83:13-44
	android:name
		ADDED from src\main\AndroidManifest.xml:80:13-44
activity#com.ranglerz.activity.FingerprintActivity
ADDED from src\main\AndroidManifest.xml:84:9-88:47
	android:screenOrientation
		ADDED from src\main\AndroidManifest.xml:87:13-49
	android:configChanges
		ADDED from src\main\AndroidManifest.xml:86:13-63
	android:theme
		ADDED from src\main\AndroidManifest.xml:88:13-44
	android:name
		ADDED from src\main\AndroidManifest.xml:85:13-48
activity#com.ranglerz.activity.ICCardActivity
ADDED from src\main\AndroidManifest.xml:89:9-93:47
	android:screenOrientation
		ADDED from src\main\AndroidManifest.xml:92:13-49
	android:configChanges
		ADDED from src\main\AndroidManifest.xml:91:13-63
	android:theme
		ADDED from src\main\AndroidManifest.xml:93:13-44
	android:name
		ADDED from src\main\AndroidManifest.xml:90:13-43
activity#com.ranglerz.activity.CPUActivity
ADDED from src\main\AndroidManifest.xml:94:9-98:47
	android:screenOrientation
		ADDED from src\main\AndroidManifest.xml:97:13-50
	android:configChanges
		ADDED from src\main\AndroidManifest.xml:96:13-63
	android:theme
		ADDED from src\main\AndroidManifest.xml:98:13-44
	android:name
		ADDED from src\main\AndroidManifest.xml:95:13-40
activity#com.ranglerz.activity.BarCodeActivity
ADDED from src\main\AndroidManifest.xml:99:9-104:63
	android:screenOrientation
		ADDED from src\main\AndroidManifest.xml:103:13-49
	android:label
		ADDED from src\main\AndroidManifest.xml:102:13-30
	android:configChanges
		ADDED from src\main\AndroidManifest.xml:101:13-63
	android:theme
		ADDED from src\main\AndroidManifest.xml:104:13-60
	android:name
		ADDED from src\main\AndroidManifest.xml:100:13-44
activity#com.ranglerz.activity.CardSelectActivity
ADDED from src\main\AndroidManifest.xml:105:9-107:52
	android:screenOrientation
		ADDED from src\main\AndroidManifest.xml:107:13-49
	android:name
		ADDED from src\main\AndroidManifest.xml:106:13-47
activity#com.ranglerz.activity.IcCardProgActivity
ADDED from src\main\AndroidManifest.xml:108:9-110:52
	android:screenOrientation
		ADDED from src\main\AndroidManifest.xml:110:13-49
	android:name
		ADDED from src\main\AndroidManifest.xml:109:13-47
activity#com.ranglerz.activity.IcCardBankActivity
ADDED from src\main\AndroidManifest.xml:111:9-113:52
	android:screenOrientation
		ADDED from src\main\AndroidManifest.xml:113:13-49
	android:name
		ADDED from src\main\AndroidManifest.xml:112:13-47
activity#com.ranglerz.activity.IcCardOrderActivity
ADDED from src\main\AndroidManifest.xml:114:9-116:52
	android:screenOrientation
		ADDED from src\main\AndroidManifest.xml:116:13-49
	android:name
		ADDED from src\main\AndroidManifest.xml:115:13-48
activity#com.ranglerz.activity.MagStripeCardActivity
ADDED from src\main\AndroidManifest.xml:117:9-119:52
	android:screenOrientation
		ADDED from src\main\AndroidManifest.xml:119:13-49
	android:name
		ADDED from src\main\AndroidManifest.xml:118:13-50
activity#com.ranglerz.activity.Mytest
ADDED from src\main\AndroidManifest.xml:120:9-122:52
	android:screenOrientation
		ADDED from src\main\AndroidManifest.xml:122:13-49
	android:name
		ADDED from src\main\AndroidManifest.xml:121:13-35
activity#com.ranglerz.activity.GetVersionActivity
ADDED from src\main\AndroidManifest.xml:123:9-126:52
	android:screenOrientation
		ADDED from src\main\AndroidManifest.xml:126:13-49
	android:label
		ADDED from src\main\AndroidManifest.xml:125:13-63
	android:name
		ADDED from src\main\AndroidManifest.xml:124:13-47
activity#com.ranglerz.activity.MyPrintActivity
ADDED from src\main\AndroidManifest.xml:127:9-136:20
	android:screenOrientation
		ADDED from src\main\AndroidManifest.xml:129:13-49
	android:label
		ADDED from src\main\AndroidManifest.xml:130:13-30
	android:name
		ADDED from src\main\AndroidManifest.xml:128:13-44
intent-filter#android.intent.action.MAIN+android.intent.category.LAUNCHER
ADDED from src\main\AndroidManifest.xml:131:13-135:29
action#android.intent.action.MAIN
ADDED from src\main\AndroidManifest.xml:132:17-69
	android:name
		ADDED from src\main\AndroidManifest.xml:132:25-66
category#android.intent.category.LAUNCHER
ADDED from src\main\AndroidManifest.xml:134:17-77
	android:name
		ADDED from src\main\AndroidManifest.xml:134:27-74
activity#com.ranglerz.activity.CustomPrinterActivity
ADDED from src\main\AndroidManifest.xml:137:9-140:33
	android:screenOrientation
		ADDED from src\main\AndroidManifest.xml:139:13-49
	android:label
		ADDED from src\main\AndroidManifest.xml:140:13-30
	android:name
		ADDED from src\main\AndroidManifest.xml:138:13-50
activity#com.ranglerz.activity.EnterFingerprintActivity
ADDED from src\main\AndroidManifest.xml:141:9-144:42
	android:screenOrientation
		ADDED from src\main\AndroidManifest.xml:143:13-49
	android:label
		ADDED from src\main\AndroidManifest.xml:144:13-30
	android:name
		ADDED from src\main\AndroidManifest.xml:142:13-53